# JRE version: OpenJDK Runtime Environment (21.0.4) (build 21.0.4+-12508038-b607.1)
# Java VM: OpenJDK 64-Bit Server VM (21.0.4+-12508038-b607.1, mixed mode, tiered, compressed oops, compressed class ptrs, g1 gc, windows-amd64)
GC Precious Log:
 CardTable entry size: 512
 Card Set container configuration: InlinePtr #cards 5 size 8 Array Of Cards #cards 12 size 40 Howl #buckets 4 coarsen threshold 1843 Howl Bitmap #cards 512 size 80 coarsen threshold 460 Card regions per heap region 1 cards per card region 2048
 CPUs: 2 total, 2 available
 Memory: 3899M
 Large Page Support: Disabled
 NUMA Support: Disabled
 Compressed Oops: Enabled (32-bit)
 Heap Region Size: 1M
 Heap Min Capacity: 8M
 Heap Initial Capacity: 62M
 Heap Max Capacity: 976M
 Pre-touch: Disabled
 Parallel Workers: 2
 Concurrent Workers: 1
 Concurrent Refinement Workers: 2
 Periodic GC: Disabled
Heap:
 garbage-first heap   total 75776K, used 58156K [0x00000000c3000000, 0x0000000100000000)
  region size 1024K, 16 young (16384K), 2 survivors (2048K)
 Metaspace       used 65305K, committed 66112K, reserved 1114112K
  class space    used 7312K, committed 7744K, reserved 1048576K
GC Heap History (20 events):
Event: 48.617 GC heap before
{Heap before GC invocations=19 (full 0):
 garbage-first heap   total 48128K, used 29551K [0x00000000c3000000, 0x0000000100000000)
  region size 1024K, 3 young (3072K), 2 survivors (2048K)
 Metaspace       used 50567K, committed 51264K, reserved 1114112K
  class space    used 6017K, committed 6336K, reserved 1048576K
}
Event: 48.626 GC heap after
{Heap after GC invocations=20 (full 0):
 garbage-first heap   total 48128K, used 29553K [0x00000000c3000000, 0x0000000100000000)
  region size 1024K, 1 young (1024K), 1 survivors (1024K)
 Metaspace       used 50567K, committed 51264K, reserved 1114112K
  class space    used 6017K, committed 6336K, reserved 1048576K
}
Event: 51.349 GC heap before
{Heap before GC invocations=21 (full 0):
 garbage-first heap   total 50176K, used 44913K [0x00000000c3000000, 0x0000000100000000)
  region size 1024K, 14 young (14336K), 1 survivors (1024K)
 Metaspace       used 53254K, committed 54016K, reserved 1114112K
  class space    used 6317K, committed 6656K, reserved 1048576K
}
Event: 51.367 GC heap after
{Heap after GC invocations=22 (full 0):
 garbage-first heap   total 50176K, used 33437K [0x00000000c3000000, 0x0000000100000000)
  region size 1024K, 2 young (2048K), 2 survivors (2048K)
 Metaspace       used 53254K, committed 54016K, reserved 1114112K
  class space    used 6317K, committed 6656K, reserved 1048576K
}
Event: 51.994 GC heap before
{Heap before GC invocations=22 (full 0):
 garbage-first heap   total 50176K, used 44701K [0x00000000c3000000, 0x0000000100000000)
  region size 1024K, 13 young (13312K), 2 survivors (2048K)
 Metaspace       used 53379K, committed 54080K, reserved 1114112K
  class space    used 6317K, committed 6656K, reserved 1048576K
}
Event: 52.011 GC heap after
{Heap after GC invocations=23 (full 0):
 garbage-first heap   total 52224K, used 36469K [0x00000000c3000000, 0x0000000100000000)
  region size 1024K, 2 young (2048K), 2 survivors (2048K)
 Metaspace       used 53379K, committed 54080K, reserved 1114112K
  class space    used 6317K, committed 6656K, reserved 1048576K
}
Event: 52.905 GC heap before
{Heap before GC invocations=23 (full 0):
 garbage-first heap   total 52224K, used 45685K [0x00000000c3000000, 0x0000000100000000)
  region size 1024K, 11 young (11264K), 2 survivors (2048K)
 Metaspace       used 53396K, committed 54144K, reserved 1114112K
  class space    used 6318K, committed 6656K, reserved 1048576K
}
Event: 52.911 GC heap after
{Heap after GC invocations=24 (full 0):
 garbage-first heap   total 52224K, used 36404K [0x00000000c3000000, 0x0000000100000000)
  region size 1024K, 1 young (1024K), 1 survivors (1024K)
 Metaspace       used 53396K, committed 54144K, reserved 1114112K
  class space    used 6318K, committed 6656K, reserved 1048576K
}
Event: 54.524 GC heap before
{Heap before GC invocations=25 (full 0):
 garbage-first heap   total 61440K, used 46644K [0x00000000c3000000, 0x0000000100000000)
  region size 1024K, 11 young (11264K), 1 survivors (1024K)
 Metaspace       used 53937K, committed 54656K, reserved 1114112K
  class space    used 6373K, committed 6720K, reserved 1048576K
}
Event: 54.530 GC heap after
{Heap after GC invocations=26 (full 0):
 garbage-first heap   total 61440K, used 36963K [0x00000000c3000000, 0x0000000100000000)
  region size 1024K, 2 young (2048K), 2 survivors (2048K)
 Metaspace       used 53937K, committed 54656K, reserved 1114112K
  class space    used 6373K, committed 6720K, reserved 1048576K
}
Event: 59.641 GC heap before
{Heap before GC invocations=26 (full 0):
 garbage-first heap   total 61440K, used 52323K [0x00000000c3000000, 0x0000000100000000)
  region size 1024K, 18 young (18432K), 2 survivors (2048K)
 Metaspace       used 56984K, committed 57728K, reserved 1114112K
  class space    used 6707K, committed 7040K, reserved 1048576K
}
Event: 59.652 GC heap after
{Heap after GC invocations=27 (full 0):
 garbage-first heap   total 61440K, used 37676K [0x00000000c3000000, 0x0000000100000000)
  region size 1024K, 3 young (3072K), 3 survivors (3072K)
 Metaspace       used 56984K, committed 57728K, reserved 1114112K
  class space    used 6707K, committed 7040K, reserved 1048576K
}
Event: 64.426 GC heap before
{Heap before GC invocations=27 (full 0):
 garbage-first heap   total 61440K, used 53036K [0x00000000c3000000, 0x0000000100000000)
  region size 1024K, 19 young (19456K), 3 survivors (3072K)
 Metaspace       used 59648K, committed 60352K, reserved 1114112K
  class space    used 6978K, committed 7296K, reserved 1048576K
}
Event: 64.444 GC heap after
{Heap after GC invocations=28 (full 0):
 garbage-first heap   total 61440K, used 39599K [0x00000000c3000000, 0x0000000100000000)
  region size 1024K, 3 young (3072K), 3 survivors (3072K)
 Metaspace       used 59648K, committed 60352K, reserved 1114112K
  class space    used 6978K, committed 7296K, reserved 1048576K
}
Event: 68.868 GC heap before
{Heap before GC invocations=29 (full 0):
 garbage-first heap   total 66560K, used 53935K [0x00000000c3000000, 0x0000000100000000)
  region size 1024K, 17 young (17408K), 3 survivors (3072K)
 Metaspace       used 61750K, committed 62464K, reserved 1114112K
  class space    used 7143K, committed 7488K, reserved 1048576K
}
Event: 68.885 GC heap after
{Heap after GC invocations=30 (full 0):
 garbage-first heap   total 66560K, used 40739K [0x00000000c3000000, 0x0000000100000000)
  region size 1024K, 1 young (1024K), 1 survivors (1024K)
 Metaspace       used 61750K, committed 62464K, reserved 1114112K
  class space    used 7143K, committed 7488K, reserved 1048576K
}
Event: 75.253 GC heap before
{Heap before GC invocations=30 (full 0):
 garbage-first heap   total 66560K, used 59171K [0x00000000c3000000, 0x0000000100000000)
  region size 1024K, 19 young (19456K), 1 survivors (1024K)
 Metaspace       used 64134K, committed 64960K, reserved 1114112K
  class space    used 7268K, committed 7680K, reserved 1048576K
}
Event: 75.267 GC heap after
{Heap after GC invocations=31 (full 0):
 garbage-first heap   total 66560K, used 42493K [0x00000000c3000000, 0x0000000100000000)
  region size 1024K, 3 young (3072K), 3 survivors (3072K)
 Metaspace       used 64134K, committed 64960K, reserved 1114112K
  class space    used 7268K, committed 7680K, reserved 1048576K
}
Event: 80.060 GC heap before
{Heap before GC invocations=31 (full 0):
 garbage-first heap   total 66560K, used 54781K [0x00000000c3000000, 0x0000000100000000)
  region size 1024K, 16 young (16384K), 3 survivors (3072K)
 Metaspace       used 65056K, committed 65792K, reserved 1114112K
  class space    used 7303K, committed 7680K, reserved 1048576K
}
Event: 80.080 GC heap after
{Heap after GC invocations=32 (full 0):
 garbage-first heap   total 66560K, used 43820K [0x00000000c3000000, 0x0000000100000000)
  region size 1024K, 2 young (2048K), 2 survivors (2048K)
 Metaspace       used 65056K, committed 65792K, reserved 1114112K
  class space    used 7303K, committed 7680K, reserved 1048576K
}

