# JRE version: OpenJDK Runtime Environment (21.0.4) (build 21.0.4+-12508038-b607.1)
# Java VM: OpenJDK 64-Bit Server VM (21.0.4+-12508038-b607.1, mixed mode, tiered, compressed oops, compressed class ptrs, g1 gc, windows-amd64)
GC Precious Log:
 CardTable entry size: 512
 Card Set container configuration: InlinePtr #cards 5 size 8 Array Of Cards #cards 12 size 40 Howl #buckets 4 coarsen threshold 1843 Howl Bitmap #cards 512 size 80 coarsen threshold 460 Card regions per heap region 1 cards per card region 2048
 CPUs: 2 total, 2 available
 Memory: 3899M
 Large Page Support: Disabled
 NUMA Support: Disabled
 Compressed Oops: Enabled (32-bit)
 Heap Region Size: 1M
 Heap Min Capacity: 8M
 Heap Initial Capacity: 62M
 Heap Max Capacity: 976M
 Pre-touch: Disabled
 Parallel Workers: 2
 Concurrent Workers: 1
 Concurrent Refinement Workers: 2
 Periodic GC: Disabled
Heap:
 garbage-first heap   total 80896K, used 53482K [0x00000000c3000000, 0x0000000100000000)
  region size 1024K, 6 young (6144K), 3 survivors (3072K)
 Metaspace       used 65597K, committed 66432K, reserved 1114112K
  class space    used 7321K, committed 7744K, reserved 1048576K
GC Heap History (20 events):
Event: 55.888 GC heap before
{Heap before GC invocations=22 (full 0):
 garbage-first heap   total 51200K, used 45216K [0x00000000c3000000, 0x0000000100000000)
  region size 1024K, 13 young (13312K), 2 survivors (2048K)
 Metaspace       used 55233K, committed 55872K, reserved 1114112K
  class space    used 6481K, committed 6784K, reserved 1048576K
}
Event: 55.906 GC heap after
{Heap after GC invocations=23 (full 0):
 garbage-first heap   total 52224K, used 35498K [0x00000000c3000000, 0x0000000100000000)
  region size 1024K, 2 young (2048K), 2 survivors (2048K)
 Metaspace       used 55233K, committed 55872K, reserved 1114112K
  class space    used 6481K, committed 6784K, reserved 1048576K
}
Event: 56.197 GC heap before
{Heap before GC invocations=23 (full 0):
 garbage-first heap   total 52224K, used 45738K [0x00000000c3000000, 0x0000000100000000)
  region size 1024K, 12 young (12288K), 2 survivors (2048K)
 Metaspace       used 55259K, committed 55936K, reserved 1114112K
  class space    used 6481K, committed 6784K, reserved 1048576K
}
Event: 56.210 GC heap after
{Heap after GC invocations=24 (full 0):
 garbage-first heap   total 52224K, used 38875K [0x00000000c3000000, 0x0000000100000000)
  region size 1024K, 2 young (2048K), 2 survivors (2048K)
 Metaspace       used 55259K, committed 55936K, reserved 1114112K
  class space    used 6481K, committed 6784K, reserved 1048576K
}
Event: 56.750 GC heap before
{Heap before GC invocations=25 (full 0):
 garbage-first heap   total 65536K, used 45019K [0x00000000c3000000, 0x0000000100000000)
  region size 1024K, 9 young (9216K), 2 survivors (2048K)
 Metaspace       used 55259K, committed 55936K, reserved 1114112K
  class space    used 6481K, committed 6784K, reserved 1048576K
}
Event: 56.758 GC heap after
{Heap after GC invocations=26 (full 0):
 garbage-first heap   total 65536K, used 40221K [0x00000000c3000000, 0x0000000100000000)
  region size 1024K, 1 young (1024K), 1 survivors (1024K)
 Metaspace       used 55259K, committed 55936K, reserved 1114112K
  class space    used 6481K, committed 6784K, reserved 1048576K
}
Event: 59.510 GC heap before
{Heap before GC invocations=26 (full 0):
 garbage-first heap   total 65536K, used 56605K [0x00000000c3000000, 0x0000000100000000)
  region size 1024K, 17 young (17408K), 1 survivors (1024K)
 Metaspace       used 55843K, committed 56512K, reserved 1114112K
  class space    used 6527K, committed 6848K, reserved 1048576K
}
Event: 59.523 GC heap after
{Heap after GC invocations=27 (full 0):
 garbage-first heap   total 65536K, used 42032K [0x00000000c3000000, 0x0000000100000000)
  region size 1024K, 3 young (3072K), 3 survivors (3072K)
 Metaspace       used 55843K, committed 56512K, reserved 1114112K
  class space    used 6527K, committed 6848K, reserved 1048576K
}
Event: 63.523 GC heap before
{Heap before GC invocations=27 (full 0):
 garbage-first heap   total 65536K, used 56368K [0x00000000c3000000, 0x0000000100000000)
  region size 1024K, 18 young (18432K), 3 survivors (3072K)
 Metaspace       used 58960K, committed 59776K, reserved 1114112K
  class space    used 6876K, committed 7296K, reserved 1048576K
}
Event: 63.538 GC heap after
{Heap after GC invocations=28 (full 0):
 garbage-first heap   total 65536K, used 44169K [0x00000000c3000000, 0x0000000100000000)
  region size 1024K, 3 young (3072K), 3 survivors (3072K)
 Metaspace       used 58960K, committed 59776K, reserved 1114112K
  class space    used 6876K, committed 7296K, reserved 1048576K
}
Event: 67.541 GC heap before
{Heap before GC invocations=29 (full 0):
 garbage-first heap   total 75776K, used 56457K [0x00000000c3000000, 0x0000000100000000)
  region size 1024K, 15 young (15360K), 3 survivors (3072K)
 Metaspace       used 61224K, committed 62016K, reserved 1114112K
  class space    used 7085K, committed 7488K, reserved 1048576K
}
Event: 67.554 GC heap after
{Heap after GC invocations=30 (full 0):
 garbage-first heap   total 75776K, used 45256K [0x00000000c3000000, 0x0000000100000000)
  region size 1024K, 2 young (2048K), 2 survivors (2048K)
 Metaspace       used 61224K, committed 62016K, reserved 1114112K
  class space    used 7085K, committed 7488K, reserved 1048576K
}
Event: 74.138 GC heap before
{Heap before GC invocations=30 (full 0):
 garbage-first heap   total 75776K, used 66760K [0x00000000c3000000, 0x0000000100000000)
  region size 1024K, 23 young (23552K), 2 survivors (2048K)
 Metaspace       used 63916K, committed 64704K, reserved 1114112K
  class space    used 7277K, committed 7680K, reserved 1048576K
}
Event: 74.156 GC heap after
{Heap after GC invocations=31 (full 0):
 garbage-first heap   total 75776K, used 46472K [0x00000000c3000000, 0x0000000100000000)
  region size 1024K, 3 young (3072K), 3 survivors (3072K)
 Metaspace       used 63916K, committed 64704K, reserved 1114112K
  class space    used 7277K, committed 7680K, reserved 1048576K
}
Event: 75.331 GC heap before
{Heap before GC invocations=31 (full 0):
 garbage-first heap   total 75776K, used 50568K [0x00000000c3000000, 0x0000000100000000)
  region size 1024K, 8 young (8192K), 3 survivors (3072K)
 Metaspace       used 64193K, committed 64960K, reserved 1114112K
  class space    used 7280K, committed 7680K, reserved 1048576K
}
Event: 75.346 GC heap after
{Heap after GC invocations=32 (full 0):
 garbage-first heap   total 75776K, used 47810K [0x00000000c3000000, 0x0000000100000000)
  region size 1024K, 1 young (1024K), 1 survivors (1024K)
 Metaspace       used 64193K, committed 64960K, reserved 1114112K
  class space    used 7280K, committed 7680K, reserved 1048576K
}
Event: 78.786 GC heap before
{Heap before GC invocations=33 (full 0):
 garbage-first heap   total 80896K, used 66242K [0x00000000c3000000, 0x0000000100000000)
  region size 1024K, 18 young (18432K), 1 survivors (1024K)
 Metaspace       used 64917K, committed 65728K, reserved 1114112K
  class space    used 7300K, committed 7680K, reserved 1048576K
}
Event: 78.799 GC heap after
{Heap after GC invocations=34 (full 0):
 garbage-first heap   total 80896K, used 50176K [0x00000000c3000000, 0x0000000100000000)
  region size 1024K, 3 young (3072K), 3 survivors (3072K)
 Metaspace       used 64917K, committed 65728K, reserved 1114112K
  class space    used 7300K, committed 7680K, reserved 1048576K
}
Event: 82.414 GC heap before
{Heap before GC invocations=34 (full 0):
 garbage-first heap   total 80896K, used 70656K [0x00000000c3000000, 0x0000000100000000)
  region size 1024K, 23 young (23552K), 3 survivors (3072K)
 Metaspace       used 65533K, committed 66304K, reserved 1114112K
  class space    used 7320K, committed 7744K, reserved 1048576K
}
Event: 82.433 GC heap after
{Heap after GC invocations=35 (full 0):
 garbage-first heap   total 80896K, used 51434K [0x00000000c3000000, 0x0000000100000000)
  region size 1024K, 3 young (3072K), 3 survivors (3072K)
 Metaspace       used 65533K, committed 66304K, reserved 1114112K
  class space    used 7320K, committed 7744K, reserved 1048576K
}

