# JRE version: OpenJDK Runtime Environment (21.0.4) (build 21.0.4+-12508038-b607.1)
# Java VM: OpenJDK 64-Bit Server VM (21.0.4+-12508038-b607.1, mixed mode, tiered, compressed oops, compressed class ptrs, g1 gc, windows-amd64)
GC Precious Log:
 CardTable entry size: 512
 Card Set container configuration: InlinePtr #cards 5 size 8 Array Of Cards #cards 12 size 40 Howl #buckets 4 coarsen threshold 1843 Howl Bitmap #cards 512 size 80 coarsen threshold 460 Card regions per heap region 1 cards per card region 2048
 CPUs: 2 total, 2 available
 Memory: 3899M
 Large Page Support: Disabled
 NUMA Support: Disabled
 Compressed Oops: Enabled (32-bit)
 Heap Region Size: 1M
 Heap Min Capacity: 8M
 Heap Initial Capacity: 62M
 Heap Max Capacity: 976M
 Pre-touch: Disabled
 Parallel Workers: 2
 Concurrent Workers: 1
 Concurrent Refinement Workers: 2
 Periodic GC: Disabled
Heap:
 garbage-first heap   total 44032K, used 24355K [0x00000000c3000000, 0x0000000100000000)
  region size 1024K, 7 young (7168K), 3 survivors (3072K)
 Metaspace       used 28093K, committed 28288K, reserved 1114112K
  class space    used 2975K, committed 3072K, reserved 1048576K
GC Heap History (10 events):
Event: 1.966 GC heap before
{Heap before GC invocations=0 (full 0):
 garbage-first heap   total 63488K, used 10240K [0x00000000c3000000, 0x0000000100000000)
  region size 1024K, 6 young (6144K), 0 survivors (0K)
 Metaspace       used 8017K, committed 8128K, reserved 1114112K
  class space    used 692K, committed 768K, reserved 1048576K
}
Event: 1.985 GC heap after
{Heap after GC invocations=1 (full 0):
 garbage-first heap   total 63488K, used 5869K [0x00000000c3000000, 0x0000000100000000)
  region size 1024K, 1 young (1024K), 1 survivors (1024K)
 Metaspace       used 8017K, committed 8128K, reserved 1114112K
  class space    used 692K, committed 768K, reserved 1048576K
}
Event: 2.964 GC heap before
{Heap before GC invocations=1 (full 0):
 garbage-first heap   total 63488K, used 10989K [0x00000000c3000000, 0x0000000100000000)
  region size 1024K, 6 young (6144K), 1 survivors (1024K)
 Metaspace       used 10165K, committed 10304K, reserved 1114112K
  class space    used 837K, committed 896K, reserved 1048576K
}
Event: 2.970 GC heap after
{Heap after GC invocations=2 (full 0):
 garbage-first heap   total 63488K, used 6206K [0x00000000c3000000, 0x0000000100000000)
  region size 1024K, 1 young (1024K), 1 survivors (1024K)
 Metaspace       used 10165K, committed 10304K, reserved 1114112K
  class space    used 837K, committed 896K, reserved 1048576K
}
Event: 10.236 GC heap before
{Heap before GC invocations=2 (full 0):
 garbage-first heap   total 63488K, used 18494K [0x00000000c3000000, 0x0000000100000000)
  region size 1024K, 14 young (14336K), 1 survivors (1024K)
 Metaspace       used 14241K, committed 14336K, reserved 1114112K
  class space    used 1360K, committed 1408K, reserved 1048576K
}
Event: 10.241 GC heap after
{Heap after GC invocations=3 (full 0):
 garbage-first heap   total 63488K, used 7266K [0x00000000c3000000, 0x0000000100000000)
  region size 1024K, 2 young (2048K), 2 survivors (2048K)
 Metaspace       used 14241K, committed 14336K, reserved 1114112K
  class space    used 1360K, committed 1408K, reserved 1048576K
}
Event: 14.386 GC heap before
{Heap before GC invocations=3 (full 0):
 garbage-first heap   total 63488K, used 32866K [0x00000000c3000000, 0x0000000100000000)
  region size 1024K, 29 young (29696K), 2 survivors (2048K)
 Metaspace       used 21266K, committed 21504K, reserved 1114112K
  class space    used 2248K, committed 2368K, reserved 1048576K
}
Event: 14.415 GC heap after
{Heap after GC invocations=4 (full 0):
 garbage-first heap   total 63488K, used 10413K [0x00000000c3000000, 0x0000000100000000)
  region size 1024K, 5 young (5120K), 5 survivors (5120K)
 Metaspace       used 21266K, committed 21504K, reserved 1114112K
  class space    used 2248K, committed 2368K, reserved 1048576K
}
Event: 16.938 GC heap before
{Heap before GC invocations=5 (full 0):
 garbage-first heap   total 37888K, used 31917K [0x00000000c3000000, 0x0000000100000000)
  region size 1024K, 22 young (22528K), 5 survivors (5120K)
 Metaspace       used 26886K, committed 27072K, reserved 1114112K
  class space    used 2843K, committed 2944K, reserved 1048576K
}
Event: 16.966 GC heap after
{Heap after GC invocations=6 (full 0):
 garbage-first heap   total 44032K, used 21283K [0x00000000c3000000, 0x0000000100000000)
  region size 1024K, 3 young (3072K), 3 survivors (3072K)
 Metaspace       used 26886K, committed 27072K, reserved 1114112K
  class space    used 2843K, committed 2944K, reserved 1048576K
}

