# JRE version: OpenJDK Runtime Environment (21.0.4) (build 21.0.4+-12508038-b607.1)
# Java VM: OpenJDK 64-Bit Server VM (21.0.4+-12508038-b607.1, mixed mode, tiered, compressed oops, compressed class ptrs, g1 gc, windows-amd64)
GC Precious Log:
 CardTable entry size: 512
 Card Set container configuration: InlinePtr #cards 5 size 8 Array Of Cards #cards 12 size 40 Howl #buckets 4 coarsen threshold 1843 Howl Bitmap #cards 512 size 80 coarsen threshold 460 Card regions per heap region 1 cards per card region 2048
 CPUs: 2 total, 2 available
 Memory: 3899M
 Large Page Support: Disabled
 NUMA Support: Disabled
 Compressed Oops: Enabled (32-bit)
 Heap Region Size: 1M
 Heap Min Capacity: 8M
 Heap Initial Capacity: 62M
 Heap Max Capacity: 976M
 Pre-touch: Disabled
 Parallel Workers: 2
 Concurrent Workers: 1
 Concurrent Refinement Workers: 2
 Periodic GC: Disabled
Heap:
 garbage-first heap   total 44032K, used 23078K [0x00000000c3000000, 0x0000000100000000)
  region size 1024K, 6 young (6144K), 3 survivors (3072K)
 Metaspace       used 27625K, committed 27840K, reserved 1114112K
  class space    used 2932K, committed 3008K, reserved 1048576K
GC Heap History (10 events):
Event: 1.975 GC heap before
{Heap before GC invocations=0 (full 0):
 garbage-first heap   total 63488K, used 9216K [0x00000000c3000000, 0x0000000100000000)
  region size 1024K, 6 young (6144K), 0 survivors (0K)
 Metaspace       used 8024K, committed 8128K, reserved 1114112K
  class space    used 692K, committed 768K, reserved 1048576K
}
Event: 1.986 GC heap after
{Heap after GC invocations=1 (full 0):
 garbage-first heap   total 63488K, used 5869K [0x00000000c3000000, 0x0000000100000000)
  region size 1024K, 1 young (1024K), 1 survivors (1024K)
 Metaspace       used 8024K, committed 8128K, reserved 1114112K
  class space    used 692K, committed 768K, reserved 1048576K
}
Event: 2.964 GC heap before
{Heap before GC invocations=1 (full 0):
 garbage-first heap   total 63488K, used 10989K [0x00000000c3000000, 0x0000000100000000)
  region size 1024K, 6 young (6144K), 1 survivors (1024K)
 Metaspace       used 10158K, committed 10304K, reserved 1114112K
  class space    used 837K, committed 896K, reserved 1048576K
}
Event: 2.969 GC heap after
{Heap after GC invocations=2 (full 0):
 garbage-first heap   total 63488K, used 6181K [0x00000000c3000000, 0x0000000100000000)
  region size 1024K, 1 young (1024K), 1 survivors (1024K)
 Metaspace       used 10158K, committed 10304K, reserved 1114112K
  class space    used 837K, committed 896K, reserved 1048576K
}
Event: 10.244 GC heap before
{Heap before GC invocations=2 (full 0):
 garbage-first heap   total 63488K, used 18469K [0x00000000c3000000, 0x0000000100000000)
  region size 1024K, 14 young (14336K), 1 survivors (1024K)
 Metaspace       used 14243K, committed 14336K, reserved 1114112K
  class space    used 1360K, committed 1408K, reserved 1048576K
}
Event: 10.249 GC heap after
{Heap after GC invocations=3 (full 0):
 garbage-first heap   total 63488K, used 7247K [0x00000000c3000000, 0x0000000100000000)
  region size 1024K, 2 young (2048K), 2 survivors (2048K)
 Metaspace       used 14243K, committed 14336K, reserved 1114112K
  class space    used 1360K, committed 1408K, reserved 1048576K
}
Event: 14.457 GC heap before
{Heap before GC invocations=3 (full 0):
 garbage-first heap   total 63488K, used 32847K [0x00000000c3000000, 0x0000000100000000)
  region size 1024K, 29 young (29696K), 2 survivors (2048K)
 Metaspace       used 21289K, committed 21504K, reserved 1114112K
  class space    used 2248K, committed 2368K, reserved 1048576K
}
Event: 14.471 GC heap after
{Heap after GC invocations=4 (full 0):
 garbage-first heap   total 63488K, used 10581K [0x00000000c3000000, 0x0000000100000000)
  region size 1024K, 5 young (5120K), 5 survivors (5120K)
 Metaspace       used 21289K, committed 21504K, reserved 1114112K
  class space    used 2248K, committed 2368K, reserved 1048576K
}
Event: 17.005 GC heap before
{Heap before GC invocations=5 (full 0):
 garbage-first heap   total 37888K, used 32085K [0x00000000c3000000, 0x0000000100000000)
  region size 1024K, 22 young (22528K), 5 survivors (5120K)
 Metaspace       used 26895K, committed 27136K, reserved 1114112K
  class space    used 2842K, committed 2944K, reserved 1048576K
}
Event: 17.033 GC heap after
{Heap after GC invocations=6 (full 0):
 garbage-first heap   total 44032K, used 21030K [0x00000000c3000000, 0x0000000100000000)
  region size 1024K, 3 young (3072K), 3 survivors (3072K)
 Metaspace       used 26895K, committed 27136K, reserved 1114112K
  class space    used 2842K, committed 2944K, reserved 1048576K
}

